[2018-11-21 07:21:47] local.ERROR: Error {"name":["The name must be at least 2 characters."],"email":["The email must be a valid email address."],"message":["The message field is required."]} 
[2018-11-21 07:23:00] local.INFO: Dates are submited.  
[2018-11-21 07:23:00] local.INFO: Reading from session  
[2018-11-21 08:26:54] local.INFO: Reading from session  
[2018-11-21 08:26:55] local.ERROR: Class 'App\Http\Controllers\Validator' not found {"exception":"[object] (Symfony\\Component\\Debug\\Exception\\FatalThrowableError(code: 0): Class 'App\\Http\\Controllers\\Validator' not found at /var/www/html/laravel-form/laravel-form/app/Http/Controllers/FormController.php:28)
[stacktrace]
#0 [internal function]: App\\Http\\Controllers\\FormController->formRequest()
#1 /var/www/html/laravel-form/laravel-form/vendor/laravel/framework/src/Illuminate/Routing/Controller.php(54): call_user_func_array(Array, Array)
#2 /var/www/html/laravel-form/laravel-form/vendor/laravel/framework/src/Illuminate/Routing/ControllerDispatcher.php(45): Illuminate\\Routing\\Controller->callAction('formRequest', Array)
#3 /var/www/html/laravel-form/laravel-form/vendor/laravel/framework/src/Illuminate/Routing/Route.php(212): Illuminate\\Routing\\ControllerDispatcher->dispatch(Object(Illuminate\\Routing\\Route), Object(App\\Http\\Controllers\\FormController), 'formRequest')
#4 /var/www/html/laravel-form/laravel-form/vendor/laravel/framework/src/Illuminate/Routing/Route.php(169): Illuminate\\Routing\\Route->runController()
#5 /var/www/html/laravel-form/laravel-form/vendor/laravel/framework/src/Illuminate/Routing/Router.php(679): Illuminate\\Routing\\Route->run()
#6 /var/www/html/laravel-form/laravel-form/vendor/laravel/framework/src/Illuminate/Routing/Pipeline.php(30): Illuminate\\Routing\\Router->Illuminate\\Routing\\{closure}(Object(Illuminate\\Http\\Request))
#7 /var/www/html/laravel-form/laravel-form/vendor/laravel/framework/src/Illuminate/Routing/Middleware/SubstituteBindings.php(41): Illuminate\\Routing\\Pipeline->Illuminate\\Routing\\{closure}(Object(Illuminate\\Http\\Request))
#8 /var/www/html/laravel-form/laravel-form/vendor/laravel/framework/src/Illuminate/Pipeline/Pipeline.php(151): Illuminate\\Routing\\Middleware\\SubstituteBindings->handle(Object(Illuminate\\Http\\Request), Object(Closure))
#9 /var/www/html/laravel-form/laravel-form/vendor/laravel/framework/src/Illuminate/Routing/Pipeline.php(53): Illuminate\\Pipeline\\Pipeline->Illuminate\\Pipeline\\{closure}(Object(Illuminate\\Http\\Request))
#10 /var/www/html/laravel-form/laravel-form/vendor/laravel/framework/src/Illuminate/Foundation/Http/Middleware/VerifyCsrfToken.php(75): Illuminate\\Routing\\Pipeline->Illuminate\\Routing\\{closure}(Object(Illuminate\\Http\\Request))
#11 /var/www/html/laravel-form/laravel-form/vendor/laravel/framework/src/Illuminate/Pipeline/Pipeline.php(151): Illuminate\\Foundation\\Http\\Middleware\\VerifyCsrfToken->handle(Object(Illuminate\\Http\\Request), Object(Closure))
#12 /var/www/html/laravel-form/laravel-form/vendor/laravel/framework/src/Illuminate/Routing/Pipeline.php(53): Illuminate\\Pipeline\\Pipeline->Illuminate\\Pipeline\\{closure}(Object(Illuminate\\Http\\Request))
#13 /var/www/html/laravel-form/laravel-form/vendor/laravel/framework/src/Illuminate/View/Middleware/ShareErrorsFromSession.php(49): Illuminate\\Routing\\Pipeline->Illuminate\\Routing\\{closure}(Object(Illuminate\\Http\\Request))
#14 /var/www/html/laravel-form/laravel-form/vendor/laravel/framework/src/Illuminate/Pipeline/Pipeline.php(151): Illuminate\\View\\Middleware\\ShareErrorsFromSession->handle(Object(Illuminate\\Http\\Request), Object(Closure))
#15 /var/www/html/laravel-form/laravel-form/vendor/laravel/framework/src/Illuminate/Routing/Pipeline.php(53): Illuminate\\Pipeline\\Pipeline->Illuminate\\Pipeline\\{closure}(Object(Illuminate\\Http\\Request))
#16 /var/www/html/laravel-form/laravel-form/vendor/laravel/framework/src/Illuminate/Session/Middleware/StartSession.php(63): Illuminate\\Routing\\Pipeline->Illuminate\\Routing\\{closure}(Object(Illuminate\\Http\\Request))
#17 /var/www/html/laravel-form/laravel-form/vendor/laravel/framework/src/Illuminate/Pipeline/Pipeline.php(151): Illuminate\\Session\\Middleware\\StartSession->handle(Object(Illuminate\\Http\\Request), Object(Closure))
#18 /var/www/html/laravel-form/laravel-form/vendor/laravel/framework/src/Illuminate/Routing/Pipeline.php(53): Illuminate\\Pipeline\\Pipeline->Illuminate\\Pipeline\\{closure}(Object(Illuminate\\Http\\Request))
#19 /var/www/html/laravel-form/laravel-form/vendor/laravel/framework/src/Illuminate/Cookie/Middleware/AddQueuedCookiesToResponse.php(37): Illuminate\\Routing\\Pipeline->Illuminate\\Routing\\{closure}(Object(Illuminate\\Http\\Request))
#20 /var/www/html/laravel-form/laravel-form/vendor/laravel/framework/src/Illuminate/Pipeline/Pipeline.php(151): Illuminate\\Cookie\\Middleware\\AddQueuedCookiesToResponse->handle(Object(Illuminate\\Http\\Request), Object(Closure))
#21 /var/www/html/laravel-form/laravel-form/vendor/laravel/framework/src/Illuminate/Routing/Pipeline.php(53): Illuminate\\Pipeline\\Pipeline->Illuminate\\Pipeline\\{closure}(Object(Illuminate\\Http\\Request))
#22 /var/www/html/laravel-form/laravel-form/vendor/laravel/framework/src/Illuminate/Cookie/Middleware/EncryptCookies.php(66): Illuminate\\Routing\\Pipeline->Illuminate\\Routing\\{closure}(Object(Illuminate\\Http\\Request))
#23 /var/www/html/laravel-form/laravel-form/vendor/laravel/framework/src/Illuminate/Pipeline/Pipeline.php(151): Illuminate\\Cookie\\Middleware\\EncryptCookies->handle(Object(Illuminate\\Http\\Request), Object(Closure))
#24 /var/www/html/laravel-form/laravel-form/vendor/laravel/framework/src/Illuminate/Routing/Pipeline.php(53): Illuminate\\Pipeline\\Pipeline->Illuminate\\Pipeline\\{closure}(Object(Illuminate\\Http\\Request))
#25 /var/www/html/laravel-form/laravel-form/vendor/laravel/framework/src/Illuminate/Pipeline/Pipeline.php(104): Illuminate\\Routing\\Pipeline->Illuminate\\Routing\\{closure}(Object(Illuminate\\Http\\Request))
#26 /var/www/html/laravel-form/laravel-form/vendor/laravel/framework/src/Illuminate/Routing/Router.php(681): Illuminate\\Pipeline\\Pipeline->then(Object(Closure))
#27 /var/www/html/laravel-form/laravel-form/vendor/laravel/framework/src/Illuminate/Routing/Router.php(656): Illuminate\\Routing\\Router->runRouteWithinStack(Object(Illuminate\\Routing\\Route), Object(Illuminate\\Http\\Request))
#28 /var/www/html/laravel-form/laravel-form/vendor/laravel/framework/src/Illuminate/Routing/Router.php(622): Illuminate\\Routing\\Router->runRoute(Object(Illuminate\\Http\\Request), Object(Illuminate\\Routing\\Route))
#29 /var/www/html/laravel-form/laravel-form/vendor/laravel/framework/src/Illuminate/Routing/Router.php(611): Illuminate\\Routing\\Router->dispatchToRoute(Object(Illuminate\\Http\\Request))
#30 /var/www/html/laravel-form/laravel-form/vendor/laravel/framework/src/Illuminate/Foundation/Http/Kernel.php(176): Illuminate\\Routing\\Router->dispatch(Object(Illuminate\\Http\\Request))
#31 /var/www/html/laravel-form/laravel-form/vendor/laravel/framework/src/Illuminate/Routing/Pipeline.php(30): Illuminate\\Foundation\\Http\\Kernel->Illuminate\\Foundation\\Http\\{closure}(Object(Illuminate\\Http\\Request))
#32 /var/www/html/laravel-form/laravel-form/vendor/fideloper/proxy/src/TrustProxies.php(57): Illuminate\\Routing\\Pipeline->Illuminate\\Routing\\{closure}(Object(Illuminate\\Http\\Request))
#33 /var/www/html/laravel-form/laravel-form/vendor/laravel/framework/src/Illuminate/Pipeline/Pipeline.php(151): Fideloper\\Proxy\\TrustProxies->handle(Object(Illuminate\\Http\\Request), Object(Closure))
#34 /var/www/html/laravel-form/laravel-form/vendor/laravel/framework/src/Illuminate/Routing/Pipeline.php(53): Illuminate\\Pipeline\\Pipeline->Illuminate\\Pipeline\\{closure}(Object(Illuminate\\Http\\Request))
#35 /var/www/html/laravel-form/laravel-form/vendor/laravel/framework/src/Illuminate/Foundation/Http/Middleware/TransformsRequest.php(31): Illuminate\\Routing\\Pipeline->Illuminate\\Routing\\{closure}(Object(Illuminate\\Http\\Request))
#36 /var/www/html/laravel-form/laravel-form/vendor/laravel/framework/src/Illuminate/Pipeline/Pipeline.php(151): Illuminate\\Foundation\\Http\\Middleware\\TransformsRequest->handle(Object(Illuminate\\Http\\Request), Object(Closure))
#37 /var/www/html/laravel-form/laravel-form/vendor/laravel/framework/src/Illuminate/Routing/Pipeline.php(53): Illuminate\\Pipeline\\Pipeline->Illuminate\\Pipeline\\{closure}(Object(Illuminate\\Http\\Request))
#38 /var/www/html/laravel-form/laravel-form/vendor/laravel/framework/src/Illuminate/Foundation/Http/Middleware/TransformsRequest.php(31): Illuminate\\Routing\\Pipeline->Illuminate\\Routing\\{closure}(Object(Illuminate\\Http\\Request))
#39 /var/www/html/laravel-form/laravel-form/vendor/laravel/framework/src/Illuminate/Pipeline/Pipeline.php(151): Illuminate\\Foundation\\Http\\Middleware\\TransformsRequest->handle(Object(Illuminate\\Http\\Request), Object(Closure))
#40 /var/www/html/laravel-form/laravel-form/vendor/laravel/framework/src/Illuminate/Routing/Pipeline.php(53): Illuminate\\Pipeline\\Pipeline->Illuminate\\Pipeline\\{closure}(Object(Illuminate\\Http\\Request))
#41 /var/www/html/laravel-form/laravel-form/vendor/laravel/framework/src/Illuminate/Foundation/Http/Middleware/ValidatePostSize.php(27): Illuminate\\Routing\\Pipeline->Illuminate\\Routing\\{closure}(Object(Illuminate\\Http\\Request))
#42 /var/www/html/laravel-form/laravel-form/vendor/laravel/framework/src/Illuminate/Pipeline/Pipeline.php(151): Illuminate\\Foundation\\Http\\Middleware\\ValidatePostSize->handle(Object(Illuminate\\Http\\Request), Object(Closure))
#43 /var/www/html/laravel-form/laravel-form/vendor/laravel/framework/src/Illuminate/Routing/Pipeline.php(53): Illuminate\\Pipeline\\Pipeline->Illuminate\\Pipeline\\{closure}(Object(Illuminate\\Http\\Request))
#44 /var/www/html/laravel-form/laravel-form/vendor/laravel/framework/src/Illuminate/Foundation/Http/Middleware/CheckForMaintenanceMode.php(62): Illuminate\\Routing\\Pipeline->Illuminate\\Routing\\{closure}(Object(Illuminate\\Http\\Request))
#45 /var/www/html/laravel-form/laravel-form/vendor/laravel/framework/src/Illuminate/Pipeline/Pipeline.php(151): Illuminate\\Foundation\\Http\\Middleware\\CheckForMaintenanceMode->handle(Object(Illuminate\\Http\\Request), Object(Closure))
#46 /var/www/html/laravel-form/laravel-form/vendor/laravel/framework/src/Illuminate/Routing/Pipeline.php(53): Illuminate\\Pipeline\\Pipeline->Illuminate\\Pipeline\\{closure}(Object(Illuminate\\Http\\Request))
#47 /var/www/html/laravel-form/laravel-form/vendor/laravel/framework/src/Illuminate/Pipeline/Pipeline.php(104): Illuminate\\Routing\\Pipeline->Illuminate\\Routing\\{closure}(Object(Illuminate\\Http\\Request))
#48 /var/www/html/laravel-form/laravel-form/vendor/laravel/framework/src/Illuminate/Foundation/Http/Kernel.php(151): Illuminate\\Pipeline\\Pipeline->then(Object(Closure))
#49 /var/www/html/laravel-form/laravel-form/vendor/laravel/framework/src/Illuminate/Foundation/Http/Kernel.php(116): Illuminate\\Foundation\\Http\\Kernel->sendRequestThroughRouter(Object(Illuminate\\Http\\Request))
#50 /var/www/html/laravel-form/laravel-form/public/index.php(55): Illuminate\\Foundation\\Http\\Kernel->handle(Object(Illuminate\\Http\\Request))
#51 {main}
"} 
[2018-11-21 08:37:22] local.ERROR: Unresolvable dependency resolving [Parameter #0 [ <required> $app ]] in class Illuminate\Support\ServiceProvider {"exception":"[object] (Illuminate\\Contracts\\Container\\BindingResolutionException(code: 0): Unresolvable dependency resolving [Parameter #0 [ <required> $app ]] in class Illuminate\\Support\\ServiceProvider at /var/www/html/laravel-form/laravel-form/vendor/laravel/framework/src/Illuminate/Container/Container.php:960)
[stacktrace]
#0 /var/www/html/laravel-form/laravel-form/vendor/laravel/framework/src/Illuminate/Container/Container.php(898): Illuminate\\Container\\Container->unresolvablePrimitive(Object(ReflectionParameter))
#1 /var/www/html/laravel-form/laravel-form/vendor/laravel/framework/src/Illuminate/Container/Container.php(839): Illuminate\\Container\\Container->resolvePrimitive(Object(ReflectionParameter))
#2 /var/www/html/laravel-form/laravel-form/vendor/laravel/framework/src/Illuminate/Container/Container.php(807): Illuminate\\Container\\Container->resolveDependencies(Array)
#3 /var/www/html/laravel-form/laravel-form/vendor/laravel/framework/src/Illuminate/Container/Container.php(658): Illuminate\\Container\\Container->build('Illuminate\\\\Vali...')
#4 /var/www/html/laravel-form/laravel-form/vendor/laravel/framework/src/Illuminate/Container/Container.php(609): Illuminate\\Container\\Container->resolve('Illuminate\\\\Vali...', Array)
#5 /var/www/html/laravel-form/laravel-form/vendor/laravel/framework/src/Illuminate/Foundation/Application.php(733): Illuminate\\Container\\Container->make('Illuminate\\\\Vali...', Array)
#6 /var/www/html/laravel-form/laravel-form/vendor/laravel/framework/src/Illuminate/Container/BoundMethod.php(162): Illuminate\\Foundation\\Application->make('Illuminate\\\\Vali...')
#7 /var/www/html/laravel-form/laravel-form/vendor/laravel/framework/src/Illuminate/Container/BoundMethod.php(116): Illuminate\\Container\\BoundMethod::addDependencyForCallParameter(Object(Illuminate\\Foundation\\Application), Object(ReflectionParameter), Array, Array)
#8 /var/www/html/laravel-form/laravel-form/vendor/laravel/framework/src/Illuminate/Container/BoundMethod.php(29): Illuminate\\Container\\BoundMethod::getMethodDependencies(Object(Illuminate\\Foundation\\Application), Array, Array)
#9 /var/www/html/laravel-form/laravel-form/vendor/laravel/framework/src/Illuminate/Container/BoundMethod.php(87): Illuminate\\Container\\BoundMethod::Illuminate\\Container\\{closure}()
#10 /var/www/html/laravel-form/laravel-form/vendor/laravel/framework/src/Illuminate/Container/BoundMethod.php(31): Illuminate\\Container\\BoundMethod::callBoundMethod(Object(Illuminate\\Foundation\\Application), Array, Object(Closure))
#11 /var/www/html/laravel-form/laravel-form/vendor/laravel/framework/src/Illuminate/Container/Container.php(572): Illuminate\\Container\\BoundMethod::call(Object(Illuminate\\Foundation\\Application), Array, Array, NULL)
#12 /var/www/html/laravel-form/laravel-form/vendor/laravel/framework/src/Illuminate/Foundation/Application.php(793): Illuminate\\Container\\Container->call(Array)
#13 /var/www/html/laravel-form/laravel-form/vendor/laravel/framework/src/Illuminate/Foundation/Application.php(776): Illuminate\\Foundation\\Application->bootProvider(Object(App\\Providers\\FormServiceProvider))
#14 [internal function]: Illuminate\\Foundation\\Application->Illuminate\\Foundation\\{closure}(Object(App\\Providers\\FormServiceProvider), 21)
#15 /var/www/html/laravel-form/laravel-form/vendor/laravel/framework/src/Illuminate/Foundation/Application.php(777): array_walk(Array, Object(Closure))
#16 /var/www/html/laravel-form/laravel-form/vendor/laravel/framework/src/Illuminate/Foundation/Bootstrap/BootProviders.php(17): Illuminate\\Foundation\\Application->boot()
#17 /var/www/html/laravel-form/laravel-form/vendor/laravel/framework/src/Illuminate/Foundation/Application.php(206): Illuminate\\Foundation\\Bootstrap\\BootProviders->bootstrap(Object(Illuminate\\Foundation\\Application))
#18 /var/www/html/laravel-form/laravel-form/vendor/laravel/framework/src/Illuminate/Foundation/Http/Kernel.php(162): Illuminate\\Foundation\\Application->bootstrapWith(Array)
#19 /var/www/html/laravel-form/laravel-form/vendor/laravel/framework/src/Illuminate/Foundation/Http/Kernel.php(146): Illuminate\\Foundation\\Http\\Kernel->bootstrap()
#20 /var/www/html/laravel-form/laravel-form/vendor/laravel/framework/src/Illuminate/Foundation/Http/Kernel.php(116): Illuminate\\Foundation\\Http\\Kernel->sendRequestThroughRouter(Object(Illuminate\\Http\\Request))
#21 /var/www/html/laravel-form/laravel-form/public/index.php(55): Illuminate\\Foundation\\Http\\Kernel->handle(Object(Illuminate\\Http\\Request))
#22 {main}
"} 
[2018-11-21 08:42:47] local.ERROR: Unresolvable dependency resolving [Parameter #0 [ <required> $app ]] in class Illuminate\Support\ServiceProvider {"exception":"[object] (Illuminate\\Contracts\\Container\\BindingResolutionException(code: 0): Unresolvable dependency resolving [Parameter #0 [ <required> $app ]] in class Illuminate\\Support\\ServiceProvider at /var/www/html/laravel-form/laravel-form/vendor/laravel/framework/src/Illuminate/Container/Container.php:960)
[stacktrace]
#0 /var/www/html/laravel-form/laravel-form/vendor/laravel/framework/src/Illuminate/Container/Container.php(898): Illuminate\\Container\\Container->unresolvablePrimitive(Object(ReflectionParameter))
#1 /var/www/html/laravel-form/laravel-form/vendor/laravel/framework/src/Illuminate/Container/Container.php(839): Illuminate\\Container\\Container->resolvePrimitive(Object(ReflectionParameter))
#2 /var/www/html/laravel-form/laravel-form/vendor/laravel/framework/src/Illuminate/Container/Container.php(807): Illuminate\\Container\\Container->resolveDependencies(Array)
#3 /var/www/html/laravel-form/laravel-form/vendor/laravel/framework/src/Illuminate/Container/Container.php(658): Illuminate\\Container\\Container->build('Illuminate\\\\Vali...')
#4 /var/www/html/laravel-form/laravel-form/vendor/laravel/framework/src/Illuminate/Container/Container.php(609): Illuminate\\Container\\Container->resolve('Illuminate\\\\Vali...', Array)
#5 /var/www/html/laravel-form/laravel-form/vendor/laravel/framework/src/Illuminate/Foundation/Application.php(733): Illuminate\\Container\\Container->make('Illuminate\\\\Vali...', Array)
#6 /var/www/html/laravel-form/laravel-form/vendor/laravel/framework/src/Illuminate/Container/BoundMethod.php(162): Illuminate\\Foundation\\Application->make('Illuminate\\\\Vali...')
#7 /var/www/html/laravel-form/laravel-form/vendor/laravel/framework/src/Illuminate/Container/BoundMethod.php(116): Illuminate\\Container\\BoundMethod::addDependencyForCallParameter(Object(Illuminate\\Foundation\\Application), Object(ReflectionParameter), Array, Array)
#8 /var/www/html/laravel-form/laravel-form/vendor/laravel/framework/src/Illuminate/Container/BoundMethod.php(29): Illuminate\\Container\\BoundMethod::getMethodDependencies(Object(Illuminate\\Foundation\\Application), Array, Array)
#9 /var/www/html/laravel-form/laravel-form/vendor/laravel/framework/src/Illuminate/Container/BoundMethod.php(87): Illuminate\\Container\\BoundMethod::Illuminate\\Container\\{closure}()
#10 /var/www/html/laravel-form/laravel-form/vendor/laravel/framework/src/Illuminate/Container/BoundMethod.php(31): Illuminate\\Container\\BoundMethod::callBoundMethod(Object(Illuminate\\Foundation\\Application), Array, Object(Closure))
#11 /var/www/html/laravel-form/laravel-form/vendor/laravel/framework/src/Illuminate/Container/Container.php(572): Illuminate\\Container\\BoundMethod::call(Object(Illuminate\\Foundation\\Application), Array, Array, NULL)
#12 /var/www/html/laravel-form/laravel-form/vendor/laravel/framework/src/Illuminate/Foundation/Application.php(793): Illuminate\\Container\\Container->call(Array)
#13 /var/www/html/laravel-form/laravel-form/vendor/laravel/framework/src/Illuminate/Foundation/Application.php(776): Illuminate\\Foundation\\Application->bootProvider(Object(App\\Providers\\FormServiceProvider))
#14 [internal function]: Illuminate\\Foundation\\Application->Illuminate\\Foundation\\{closure}(Object(App\\Providers\\FormServiceProvider), 21)
#15 /var/www/html/laravel-form/laravel-form/vendor/laravel/framework/src/Illuminate/Foundation/Application.php(777): array_walk(Array, Object(Closure))
#16 /var/www/html/laravel-form/laravel-form/vendor/laravel/framework/src/Illuminate/Foundation/Bootstrap/BootProviders.php(17): Illuminate\\Foundation\\Application->boot()
#17 /var/www/html/laravel-form/laravel-form/vendor/laravel/framework/src/Illuminate/Foundation/Application.php(206): Illuminate\\Foundation\\Bootstrap\\BootProviders->bootstrap(Object(Illuminate\\Foundation\\Application))
#18 /var/www/html/laravel-form/laravel-form/vendor/laravel/framework/src/Illuminate/Foundation/Http/Kernel.php(162): Illuminate\\Foundation\\Application->bootstrapWith(Array)
#19 /var/www/html/laravel-form/laravel-form/vendor/laravel/framework/src/Illuminate/Foundation/Http/Kernel.php(146): Illuminate\\Foundation\\Http\\Kernel->bootstrap()
#20 /var/www/html/laravel-form/laravel-form/vendor/laravel/framework/src/Illuminate/Foundation/Http/Kernel.php(116): Illuminate\\Foundation\\Http\\Kernel->sendRequestThroughRouter(Object(Illuminate\\Http\\Request))
#21 /var/www/html/laravel-form/laravel-form/public/index.php(55): Illuminate\\Foundation\\Http\\Kernel->handle(Object(Illuminate\\Http\\Request))
#22 {main}
"} 
[2018-11-21 08:57:44] local.ERROR: Class 'App\Http\Controllers\Validator' not found {"exception":"[object] (Symfony\\Component\\Debug\\Exception\\FatalThrowableError(code: 0): Class 'App\\Http\\Controllers\\Validator' not found at /var/www/html/laravel-form/laravel-form/app/Http/Controllers/FormController.php:29)
[stacktrace]
#0 [internal function]: App\\Http\\Controllers\\FormController->formRequest()
#1 /var/www/html/laravel-form/laravel-form/vendor/laravel/framework/src/Illuminate/Routing/Controller.php(54): call_user_func_array(Array, Array)
#2 /var/www/html/laravel-form/laravel-form/vendor/laravel/framework/src/Illuminate/Routing/ControllerDispatcher.php(45): Illuminate\\Routing\\Controller->callAction('formRequest', Array)
#3 /var/www/html/laravel-form/laravel-form/vendor/laravel/framework/src/Illuminate/Routing/Route.php(212): Illuminate\\Routing\\ControllerDispatcher->dispatch(Object(Illuminate\\Routing\\Route), Object(App\\Http\\Controllers\\FormController), 'formRequest')
#4 /var/www/html/laravel-form/laravel-form/vendor/laravel/framework/src/Illuminate/Routing/Route.php(169): Illuminate\\Routing\\Route->runController()
#5 /var/www/html/laravel-form/laravel-form/vendor/laravel/framework/src/Illuminate/Routing/Router.php(679): Illuminate\\Routing\\Route->run()
#6 /var/www/html/laravel-form/laravel-form/vendor/laravel/framework/src/Illuminate/Routing/Pipeline.php(30): Illuminate\\Routing\\Router->Illuminate\\Routing\\{closure}(Object(Illuminate\\Http\\Request))
#7 /var/www/html/laravel-form/laravel-form/vendor/laravel/framework/src/Illuminate/Routing/Middleware/SubstituteBindings.php(41): Illuminate\\Routing\\Pipeline->Illuminate\\Routing\\{closure}(Object(Illuminate\\Http\\Request))
#8 /var/www/html/laravel-form/laravel-form/vendor/laravel/framework/src/Illuminate/Pipeline/Pipeline.php(151): Illuminate\\Routing\\Middleware\\SubstituteBindings->handle(Object(Illuminate\\Http\\Request), Object(Closure))
#9 /var/www/html/laravel-form/laravel-form/vendor/laravel/framework/src/Illuminate/Routing/Pipeline.php(53): Illuminate\\Pipeline\\Pipeline->Illuminate\\Pipeline\\{closure}(Object(Illuminate\\Http\\Request))
#10 /var/www/html/laravel-form/laravel-form/vendor/laravel/framework/src/Illuminate/Foundation/Http/Middleware/VerifyCsrfToken.php(75): Illuminate\\Routing\\Pipeline->Illuminate\\Routing\\{closure}(Object(Illuminate\\Http\\Request))
#11 /var/www/html/laravel-form/laravel-form/vendor/laravel/framework/src/Illuminate/Pipeline/Pipeline.php(151): Illuminate\\Foundation\\Http\\Middleware\\VerifyCsrfToken->handle(Object(Illuminate\\Http\\Request), Object(Closure))
#12 /var/www/html/laravel-form/laravel-form/vendor/laravel/framework/src/Illuminate/Routing/Pipeline.php(53): Illuminate\\Pipeline\\Pipeline->Illuminate\\Pipeline\\{closure}(Object(Illuminate\\Http\\Request))
#13 /var/www/html/laravel-form/laravel-form/vendor/laravel/framework/src/Illuminate/View/Middleware/ShareErrorsFromSession.php(49): Illuminate\\Routing\\Pipeline->Illuminate\\Routing\\{closure}(Object(Illuminate\\Http\\Request))
#14 /var/www/html/laravel-form/laravel-form/vendor/laravel/framework/src/Illuminate/Pipeline/Pipeline.php(151): Illuminate\\View\\Middleware\\ShareErrorsFromSession->handle(Object(Illuminate\\Http\\Request), Object(Closure))
#15 /var/www/html/laravel-form/laravel-form/vendor/laravel/framework/src/Illuminate/Routing/Pipeline.php(53): Illuminate\\Pipeline\\Pipeline->Illuminate\\Pipeline\\{closure}(Object(Illuminate\\Http\\Request))
#16 /var/www/html/laravel-form/laravel-form/vendor/laravel/framework/src/Illuminate/Session/Middleware/StartSession.php(63): Illuminate\\Routing\\Pipeline->Illuminate\\Routing\\{closure}(Object(Illuminate\\Http\\Request))
#17 /var/www/html/laravel-form/laravel-form/vendor/laravel/framework/src/Illuminate/Pipeline/Pipeline.php(151): Illuminate\\Session\\Middleware\\StartSession->handle(Object(Illuminate\\Http\\Request), Object(Closure))
#18 /var/www/html/laravel-form/laravel-form/vendor/laravel/framework/src/Illuminate/Routing/Pipeline.php(53): Illuminate\\Pipeline\\Pipeline->Illuminate\\Pipeline\\{closure}(Object(Illuminate\\Http\\Request))
#19 /var/www/html/laravel-form/laravel-form/vendor/laravel/framework/src/Illuminate/Cookie/Middleware/AddQueuedCookiesToResponse.php(37): Illuminate\\Routing\\Pipeline->Illuminate\\Routing\\{closure}(Object(Illuminate\\Http\\Request))
#20 /var/www/html/laravel-form/laravel-form/vendor/laravel/framework/src/Illuminate/Pipeline/Pipeline.php(151): Illuminate\\Cookie\\Middleware\\AddQueuedCookiesToResponse->handle(Object(Illuminate\\Http\\Request), Object(Closure))
#21 /var/www/html/laravel-form/laravel-form/vendor/laravel/framework/src/Illuminate/Routing/Pipeline.php(53): Illuminate\\Pipeline\\Pipeline->Illuminate\\Pipeline\\{closure}(Object(Illuminate\\Http\\Request))
#22 /var/www/html/laravel-form/laravel-form/vendor/laravel/framework/src/Illuminate/Cookie/Middleware/EncryptCookies.php(66): Illuminate\\Routing\\Pipeline->Illuminate\\Routing\\{closure}(Object(Illuminate\\Http\\Request))
#23 /var/www/html/laravel-form/laravel-form/vendor/laravel/framework/src/Illuminate/Pipeline/Pipeline.php(151): Illuminate\\Cookie\\Middleware\\EncryptCookies->handle(Object(Illuminate\\Http\\Request), Object(Closure))
#24 /var/www/html/laravel-form/laravel-form/vendor/laravel/framework/src/Illuminate/Routing/Pipeline.php(53): Illuminate\\Pipeline\\Pipeline->Illuminate\\Pipeline\\{closure}(Object(Illuminate\\Http\\Request))
#25 /var/www/html/laravel-form/laravel-form/vendor/laravel/framework/src/Illuminate/Pipeline/Pipeline.php(104): Illuminate\\Routing\\Pipeline->Illuminate\\Routing\\{closure}(Object(Illuminate\\Http\\Request))
#26 /var/www/html/laravel-form/laravel-form/vendor/laravel/framework/src/Illuminate/Routing/Router.php(681): Illuminate\\Pipeline\\Pipeline->then(Object(Closure))
#27 /var/www/html/laravel-form/laravel-form/vendor/laravel/framework/src/Illuminate/Routing/Router.php(656): Illuminate\\Routing\\Router->runRouteWithinStack(Object(Illuminate\\Routing\\Route), Object(Illuminate\\Http\\Request))
#28 /var/www/html/laravel-form/laravel-form/vendor/laravel/framework/src/Illuminate/Routing/Router.php(622): Illuminate\\Routing\\Router->runRoute(Object(Illuminate\\Http\\Request), Object(Illuminate\\Routing\\Route))
#29 /var/www/html/laravel-form/laravel-form/vendor/laravel/framework/src/Illuminate/Routing/Router.php(611): Illuminate\\Routing\\Router->dispatchToRoute(Object(Illuminate\\Http\\Request))
#30 /var/www/html/laravel-form/laravel-form/vendor/laravel/framework/src/Illuminate/Foundation/Http/Kernel.php(176): Illuminate\\Routing\\Router->dispatch(Object(Illuminate\\Http\\Request))
#31 /var/www/html/laravel-form/laravel-form/vendor/laravel/framework/src/Illuminate/Routing/Pipeline.php(30): Illuminate\\Foundation\\Http\\Kernel->Illuminate\\Foundation\\Http\\{closure}(Object(Illuminate\\Http\\Request))
#32 /var/www/html/laravel-form/laravel-form/vendor/fideloper/proxy/src/TrustProxies.php(57): Illuminate\\Routing\\Pipeline->Illuminate\\Routing\\{closure}(Object(Illuminate\\Http\\Request))
#33 /var/www/html/laravel-form/laravel-form/vendor/laravel/framework/src/Illuminate/Pipeline/Pipeline.php(151): Fideloper\\Proxy\\TrustProxies->handle(Object(Illuminate\\Http\\Request), Object(Closure))
#34 /var/www/html/laravel-form/laravel-form/vendor/laravel/framework/src/Illuminate/Routing/Pipeline.php(53): Illuminate\\Pipeline\\Pipeline->Illuminate\\Pipeline\\{closure}(Object(Illuminate\\Http\\Request))
#35 /var/www/html/laravel-form/laravel-form/vendor/laravel/framework/src/Illuminate/Foundation/Http/Middleware/TransformsRequest.php(31): Illuminate\\Routing\\Pipeline->Illuminate\\Routing\\{closure}(Object(Illuminate\\Http\\Request))
#36 /var/www/html/laravel-form/laravel-form/vendor/laravel/framework/src/Illuminate/Pipeline/Pipeline.php(151): Illuminate\\Foundation\\Http\\Middleware\\TransformsRequest->handle(Object(Illuminate\\Http\\Request), Object(Closure))
#37 /var/www/html/laravel-form/laravel-form/vendor/laravel/framework/src/Illuminate/Routing/Pipeline.php(53): Illuminate\\Pipeline\\Pipeline->Illuminate\\Pipeline\\{closure}(Object(Illuminate\\Http\\Request))
#38 /var/www/html/laravel-form/laravel-form/vendor/laravel/framework/src/Illuminate/Foundation/Http/Middleware/TransformsRequest.php(31): Illuminate\\Routing\\Pipeline->Illuminate\\Routing\\{closure}(Object(Illuminate\\Http\\Request))
#39 /var/www/html/laravel-form/laravel-form/vendor/laravel/framework/src/Illuminate/Pipeline/Pipeline.php(151): Illuminate\\Foundation\\Http\\Middleware\\TransformsRequest->handle(Object(Illuminate\\Http\\Request), Object(Closure))
#40 /var/www/html/laravel-form/laravel-form/vendor/laravel/framework/src/Illuminate/Routing/Pipeline.php(53): Illuminate\\Pipeline\\Pipeline->Illuminate\\Pipeline\\{closure}(Object(Illuminate\\Http\\Request))
#41 /var/www/html/laravel-form/laravel-form/vendor/laravel/framework/src/Illuminate/Foundation/Http/Middleware/ValidatePostSize.php(27): Illuminate\\Routing\\Pipeline->Illuminate\\Routing\\{closure}(Object(Illuminate\\Http\\Request))
#42 /var/www/html/laravel-form/laravel-form/vendor/laravel/framework/src/Illuminate/Pipeline/Pipeline.php(151): Illuminate\\Foundation\\Http\\Middleware\\ValidatePostSize->handle(Object(Illuminate\\Http\\Request), Object(Closure))
#43 /var/www/html/laravel-form/laravel-form/vendor/laravel/framework/src/Illuminate/Routing/Pipeline.php(53): Illuminate\\Pipeline\\Pipeline->Illuminate\\Pipeline\\{closure}(Object(Illuminate\\Http\\Request))
#44 /var/www/html/laravel-form/laravel-form/vendor/laravel/framework/src/Illuminate/Foundation/Http/Middleware/CheckForMaintenanceMode.php(62): Illuminate\\Routing\\Pipeline->Illuminate\\Routing\\{closure}(Object(Illuminate\\Http\\Request))
#45 /var/www/html/laravel-form/laravel-form/vendor/laravel/framework/src/Illuminate/Pipeline/Pipeline.php(151): Illuminate\\Foundation\\Http\\Middleware\\CheckForMaintenanceMode->handle(Object(Illuminate\\Http\\Request), Object(Closure))
#46 /var/www/html/laravel-form/laravel-form/vendor/laravel/framework/src/Illuminate/Routing/Pipeline.php(53): Illuminate\\Pipeline\\Pipeline->Illuminate\\Pipeline\\{closure}(Object(Illuminate\\Http\\Request))
#47 /var/www/html/laravel-form/laravel-form/vendor/laravel/framework/src/Illuminate/Pipeline/Pipeline.php(104): Illuminate\\Routing\\Pipeline->Illuminate\\Routing\\{closure}(Object(Illuminate\\Http\\Request))
#48 /var/www/html/laravel-form/laravel-form/vendor/laravel/framework/src/Illuminate/Foundation/Http/Kernel.php(151): Illuminate\\Pipeline\\Pipeline->then(Object(Closure))
#49 /var/www/html/laravel-form/laravel-form/vendor/laravel/framework/src/Illuminate/Foundation/Http/Kernel.php(116): Illuminate\\Foundation\\Http\\Kernel->sendRequestThroughRouter(Object(Illuminate\\Http\\Request))
#50 /var/www/html/laravel-form/laravel-form/public/index.php(55): Illuminate\\Foundation\\Http\\Kernel->handle(Object(Illuminate\\Http\\Request))
#51 {main}
"} 
[2018-11-21 10:55:12] local.ERROR: Too few arguments to function App\Providers\FormServiceProvider::register(), 0 passed in /var/www/html/laravel-form/laravel-form/vendor/laravel/framework/src/Illuminate/Foundation/Application.php on line 572 and exactly 1 expected {"exception":"[object] (Symfony\\Component\\Debug\\Exception\\FatalThrowableError(code: 0): Too few arguments to function App\\Providers\\FormServiceProvider::register(), 0 passed in /var/www/html/laravel-form/laravel-form/vendor/laravel/framework/src/Illuminate/Foundation/Application.php on line 572 and exactly 1 expected at /var/www/html/laravel-form/laravel-form/app/Providers/FormServiceProvider.php:27)
[stacktrace]
#0 /var/www/html/laravel-form/laravel-form/vendor/laravel/framework/src/Illuminate/Foundation/Application.php(572): App\\Providers\\FormServiceProvider->register()
#1 /var/www/html/laravel-form/laravel-form/vendor/laravel/framework/src/Illuminate/Foundation/ProviderRepository.php(75): Illuminate\\Foundation\\Application->register(Object(App\\Providers\\FormServiceProvider))
#2 /var/www/html/laravel-form/laravel-form/vendor/laravel/framework/src/Illuminate/Foundation/Application.php(548): Illuminate\\Foundation\\ProviderRepository->load(Array)
#3 /var/www/html/laravel-form/laravel-form/vendor/laravel/framework/src/Illuminate/Foundation/Bootstrap/RegisterProviders.php(17): Illuminate\\Foundation\\Application->registerConfiguredProviders()
#4 /var/www/html/laravel-form/laravel-form/vendor/laravel/framework/src/Illuminate/Foundation/Application.php(206): Illuminate\\Foundation\\Bootstrap\\RegisterProviders->bootstrap(Object(Illuminate\\Foundation\\Application))
#5 /var/www/html/laravel-form/laravel-form/vendor/laravel/framework/src/Illuminate/Foundation/Http/Kernel.php(162): Illuminate\\Foundation\\Application->bootstrapWith(Array)
#6 /var/www/html/laravel-form/laravel-form/vendor/laravel/framework/src/Illuminate/Foundation/Http/Kernel.php(146): Illuminate\\Foundation\\Http\\Kernel->bootstrap()
#7 /var/www/html/laravel-form/laravel-form/vendor/laravel/framework/src/Illuminate/Foundation/Http/Kernel.php(116): Illuminate\\Foundation\\Http\\Kernel->sendRequestThroughRouter(Object(Illuminate\\Http\\Request))
#8 /var/www/html/laravel-form/laravel-form/public/index.php(55): Illuminate\\Foundation\\Http\\Kernel->handle(Object(Illuminate\\Http\\Request))
#9 {main}
"} 
[2018-11-21 10:59:53] local.ERROR: Too few arguments to function App\Providers\FormServiceProvider::register(), 0 passed in /var/www/html/laravel-form/laravel-form/vendor/laravel/framework/src/Illuminate/Foundation/Application.php on line 572 and exactly 1 expected {"exception":"[object] (Symfony\\Component\\Debug\\Exception\\FatalThrowableError(code: 0): Too few arguments to function App\\Providers\\FormServiceProvider::register(), 0 passed in /var/www/html/laravel-form/laravel-form/vendor/laravel/framework/src/Illuminate/Foundation/Application.php on line 572 and exactly 1 expected at /var/www/html/laravel-form/laravel-form/app/Providers/FormServiceProvider.php:27)
[stacktrace]
#0 /var/www/html/laravel-form/laravel-form/vendor/laravel/framework/src/Illuminate/Foundation/Application.php(572): App\\Providers\\FormServiceProvider->register()
#1 /var/www/html/laravel-form/laravel-form/vendor/laravel/framework/src/Illuminate/Foundation/ProviderRepository.php(75): Illuminate\\Foundation\\Application->register(Object(App\\Providers\\FormServiceProvider))
#2 /var/www/html/laravel-form/laravel-form/vendor/laravel/framework/src/Illuminate/Foundation/Application.php(548): Illuminate\\Foundation\\ProviderRepository->load(Array)
#3 /var/www/html/laravel-form/laravel-form/vendor/laravel/framework/src/Illuminate/Foundation/Bootstrap/RegisterProviders.php(17): Illuminate\\Foundation\\Application->registerConfiguredProviders()
#4 /var/www/html/laravel-form/laravel-form/vendor/laravel/framework/src/Illuminate/Foundation/Application.php(206): Illuminate\\Foundation\\Bootstrap\\RegisterProviders->bootstrap(Object(Illuminate\\Foundation\\Application))
#5 /var/www/html/laravel-form/laravel-form/vendor/laravel/framework/src/Illuminate/Foundation/Http/Kernel.php(162): Illuminate\\Foundation\\Application->bootstrapWith(Array)
#6 /var/www/html/laravel-form/laravel-form/vendor/laravel/framework/src/Illuminate/Foundation/Http/Kernel.php(146): Illuminate\\Foundation\\Http\\Kernel->bootstrap()
#7 /var/www/html/laravel-form/laravel-form/vendor/laravel/framework/src/Illuminate/Foundation/Http/Kernel.php(116): Illuminate\\Foundation\\Http\\Kernel->sendRequestThroughRouter(Object(Illuminate\\Http\\Request))
#8 /var/www/html/laravel-form/laravel-form/public/index.php(55): Illuminate\\Foundation\\Http\\Kernel->handle(Object(Illuminate\\Http\\Request))
#9 {main}
"} 
[2018-11-21 10:59:54] local.ERROR: Too few arguments to function App\Providers\FormServiceProvider::register(), 0 passed in /var/www/html/laravel-form/laravel-form/vendor/laravel/framework/src/Illuminate/Foundation/Application.php on line 572 and exactly 1 expected {"exception":"[object] (Symfony\\Component\\Debug\\Exception\\FatalThrowableError(code: 0): Too few arguments to function App\\Providers\\FormServiceProvider::register(), 0 passed in /var/www/html/laravel-form/laravel-form/vendor/laravel/framework/src/Illuminate/Foundation/Application.php on line 572 and exactly 1 expected at /var/www/html/laravel-form/laravel-form/app/Providers/FormServiceProvider.php:27)
[stacktrace]
#0 /var/www/html/laravel-form/laravel-form/vendor/laravel/framework/src/Illuminate/Foundation/Application.php(572): App\\Providers\\FormServiceProvider->register()
#1 /var/www/html/laravel-form/laravel-form/vendor/laravel/framework/src/Illuminate/Foundation/ProviderRepository.php(75): Illuminate\\Foundation\\Application->register(Object(App\\Providers\\FormServiceProvider))
#2 /var/www/html/laravel-form/laravel-form/vendor/laravel/framework/src/Illuminate/Foundation/Application.php(548): Illuminate\\Foundation\\ProviderRepository->load(Array)
#3 /var/www/html/laravel-form/laravel-form/vendor/laravel/framework/src/Illuminate/Foundation/Bootstrap/RegisterProviders.php(17): Illuminate\\Foundation\\Application->registerConfiguredProviders()
#4 /var/www/html/laravel-form/laravel-form/vendor/laravel/framework/src/Illuminate/Foundation/Application.php(206): Illuminate\\Foundation\\Bootstrap\\RegisterProviders->bootstrap(Object(Illuminate\\Foundation\\Application))
#5 /var/www/html/laravel-form/laravel-form/vendor/laravel/framework/src/Illuminate/Foundation/Http/Kernel.php(162): Illuminate\\Foundation\\Application->bootstrapWith(Array)
#6 /var/www/html/laravel-form/laravel-form/vendor/laravel/framework/src/Illuminate/Foundation/Http/Kernel.php(146): Illuminate\\Foundation\\Http\\Kernel->bootstrap()
#7 /var/www/html/laravel-form/laravel-form/vendor/laravel/framework/src/Illuminate/Foundation/Http/Kernel.php(116): Illuminate\\Foundation\\Http\\Kernel->sendRequestThroughRouter(Object(Illuminate\\Http\\Request))
#8 /var/www/html/laravel-form/laravel-form/public/index.php(55): Illuminate\\Foundation\\Http\\Kernel->handle(Object(Illuminate\\Http\\Request))
#9 {main}
"} 
[2018-11-21 11:00:29] local.ERROR: Error {"name":["The name must be at least 2 characters."],"email":["The email must be a valid email address."],"message":["The message field is required."]} 
[2018-11-21 11:00:35] local.INFO: Dates are submited.  
[2018-11-21 11:00:35] local.INFO: Reading from session  
[2018-11-21 11:04:53] local.INFO: Reading from session  
[2018-11-21 11:04:55] local.ERROR: Error {"name":["The name must be at least 2 characters."],"email":["The email must be a valid email address."],"message":["The message field is required."]} 
[2018-11-21 11:08:24] local.ERROR: Too few arguments to function App\Providers\FormServiceProvider::register(), 0 passed in /var/www/html/laravel-form/laravel-form/vendor/laravel/framework/src/Illuminate/Foundation/Application.php on line 572 and exactly 1 expected {"exception":"[object] (Symfony\\Component\\Debug\\Exception\\FatalThrowableError(code: 0): Too few arguments to function App\\Providers\\FormServiceProvider::register(), 0 passed in /var/www/html/laravel-form/laravel-form/vendor/laravel/framework/src/Illuminate/Foundation/Application.php on line 572 and exactly 1 expected at /var/www/html/laravel-form/laravel-form/app/Providers/FormServiceProvider.php:27)
[stacktrace]
#0 /var/www/html/laravel-form/laravel-form/vendor/laravel/framework/src/Illuminate/Foundation/Application.php(572): App\\Providers\\FormServiceProvider->register()
#1 /var/www/html/laravel-form/laravel-form/vendor/laravel/framework/src/Illuminate/Foundation/ProviderRepository.php(75): Illuminate\\Foundation\\Application->register(Object(App\\Providers\\FormServiceProvider))
#2 /var/www/html/laravel-form/laravel-form/vendor/laravel/framework/src/Illuminate/Foundation/Application.php(548): Illuminate\\Foundation\\ProviderRepository->load(Array)
#3 /var/www/html/laravel-form/laravel-form/vendor/laravel/framework/src/Illuminate/Foundation/Bootstrap/RegisterProviders.php(17): Illuminate\\Foundation\\Application->registerConfiguredProviders()
#4 /var/www/html/laravel-form/laravel-form/vendor/laravel/framework/src/Illuminate/Foundation/Application.php(206): Illuminate\\Foundation\\Bootstrap\\RegisterProviders->bootstrap(Object(Illuminate\\Foundation\\Application))
#5 /var/www/html/laravel-form/laravel-form/vendor/laravel/framework/src/Illuminate/Foundation/Http/Kernel.php(162): Illuminate\\Foundation\\Application->bootstrapWith(Array)
#6 /var/www/html/laravel-form/laravel-form/vendor/laravel/framework/src/Illuminate/Foundation/Http/Kernel.php(146): Illuminate\\Foundation\\Http\\Kernel->bootstrap()
#7 /var/www/html/laravel-form/laravel-form/vendor/laravel/framework/src/Illuminate/Foundation/Http/Kernel.php(116): Illuminate\\Foundation\\Http\\Kernel->sendRequestThroughRouter(Object(Illuminate\\Http\\Request))
#8 /var/www/html/laravel-form/laravel-form/public/index.php(55): Illuminate\\Foundation\\Http\\Kernel->handle(Object(Illuminate\\Http\\Request))
#9 {main}
"} 
[2018-11-21 11:08:25] local.ERROR: Too few arguments to function App\Providers\FormServiceProvider::register(), 0 passed in /var/www/html/laravel-form/laravel-form/vendor/laravel/framework/src/Illuminate/Foundation/Application.php on line 572 and exactly 1 expected {"exception":"[object] (Symfony\\Component\\Debug\\Exception\\FatalThrowableError(code: 0): Too few arguments to function App\\Providers\\FormServiceProvider::register(), 0 passed in /var/www/html/laravel-form/laravel-form/vendor/laravel/framework/src/Illuminate/Foundation/Application.php on line 572 and exactly 1 expected at /var/www/html/laravel-form/laravel-form/app/Providers/FormServiceProvider.php:27)
[stacktrace]
#0 /var/www/html/laravel-form/laravel-form/vendor/laravel/framework/src/Illuminate/Foundation/Application.php(572): App\\Providers\\FormServiceProvider->register()
#1 /var/www/html/laravel-form/laravel-form/vendor/laravel/framework/src/Illuminate/Foundation/ProviderRepository.php(75): Illuminate\\Foundation\\Application->register(Object(App\\Providers\\FormServiceProvider))
#2 /var/www/html/laravel-form/laravel-form/vendor/laravel/framework/src/Illuminate/Foundation/Application.php(548): Illuminate\\Foundation\\ProviderRepository->load(Array)
#3 /var/www/html/laravel-form/laravel-form/vendor/laravel/framework/src/Illuminate/Foundation/Bootstrap/RegisterProviders.php(17): Illuminate\\Foundation\\Application->registerConfiguredProviders()
#4 /var/www/html/laravel-form/laravel-form/vendor/laravel/framework/src/Illuminate/Foundation/Application.php(206): Illuminate\\Foundation\\Bootstrap\\RegisterProviders->bootstrap(Object(Illuminate\\Foundation\\Application))
#5 /var/www/html/laravel-form/laravel-form/vendor/laravel/framework/src/Illuminate/Foundation/Http/Kernel.php(162): Illuminate\\Foundation\\Application->bootstrapWith(Array)
#6 /var/www/html/laravel-form/laravel-form/vendor/laravel/framework/src/Illuminate/Foundation/Http/Kernel.php(146): Illuminate\\Foundation\\Http\\Kernel->bootstrap()
#7 /var/www/html/laravel-form/laravel-form/vendor/laravel/framework/src/Illuminate/Foundation/Http/Kernel.php(116): Illuminate\\Foundation\\Http\\Kernel->sendRequestThroughRouter(Object(Illuminate\\Http\\Request))
#8 /var/www/html/laravel-form/laravel-form/public/index.php(55): Illuminate\\Foundation\\Http\\Kernel->handle(Object(Illuminate\\Http\\Request))
#9 {main}
"} 
[2018-11-21 11:08:26] local.ERROR: Too few arguments to function App\Providers\FormServiceProvider::register(), 0 passed in /var/www/html/laravel-form/laravel-form/vendor/laravel/framework/src/Illuminate/Foundation/Application.php on line 572 and exactly 1 expected {"exception":"[object] (Symfony\\Component\\Debug\\Exception\\FatalThrowableError(code: 0): Too few arguments to function App\\Providers\\FormServiceProvider::register(), 0 passed in /var/www/html/laravel-form/laravel-form/vendor/laravel/framework/src/Illuminate/Foundation/Application.php on line 572 and exactly 1 expected at /var/www/html/laravel-form/laravel-form/app/Providers/FormServiceProvider.php:27)
[stacktrace]
#0 /var/www/html/laravel-form/laravel-form/vendor/laravel/framework/src/Illuminate/Foundation/Application.php(572): App\\Providers\\FormServiceProvider->register()
#1 /var/www/html/laravel-form/laravel-form/vendor/laravel/framework/src/Illuminate/Foundation/ProviderRepository.php(75): Illuminate\\Foundation\\Application->register(Object(App\\Providers\\FormServiceProvider))
#2 /var/www/html/laravel-form/laravel-form/vendor/laravel/framework/src/Illuminate/Foundation/Application.php(548): Illuminate\\Foundation\\ProviderRepository->load(Array)
#3 /var/www/html/laravel-form/laravel-form/vendor/laravel/framework/src/Illuminate/Foundation/Bootstrap/RegisterProviders.php(17): Illuminate\\Foundation\\Application->registerConfiguredProviders()
#4 /var/www/html/laravel-form/laravel-form/vendor/laravel/framework/src/Illuminate/Foundation/Application.php(206): Illuminate\\Foundation\\Bootstrap\\RegisterProviders->bootstrap(Object(Illuminate\\Foundation\\Application))
#5 /var/www/html/laravel-form/laravel-form/vendor/laravel/framework/src/Illuminate/Foundation/Http/Kernel.php(162): Illuminate\\Foundation\\Application->bootstrapWith(Array)
#6 /var/www/html/laravel-form/laravel-form/vendor/laravel/framework/src/Illuminate/Foundation/Http/Kernel.php(146): Illuminate\\Foundation\\Http\\Kernel->bootstrap()
#7 /var/www/html/laravel-form/laravel-form/vendor/laravel/framework/src/Illuminate/Foundation/Http/Kernel.php(116): Illuminate\\Foundation\\Http\\Kernel->sendRequestThroughRouter(Object(Illuminate\\Http\\Request))
#8 /var/www/html/laravel-form/laravel-form/public/index.php(55): Illuminate\\Foundation\\Http\\Kernel->handle(Object(Illuminate\\Http\\Request))
#9 {main}
"} 
[2018-11-21 11:08:26] local.ERROR: Too few arguments to function App\Providers\FormServiceProvider::register(), 0 passed in /var/www/html/laravel-form/laravel-form/vendor/laravel/framework/src/Illuminate/Foundation/Application.php on line 572 and exactly 1 expected {"exception":"[object] (Symfony\\Component\\Debug\\Exception\\FatalThrowableError(code: 0): Too few arguments to function App\\Providers\\FormServiceProvider::register(), 0 passed in /var/www/html/laravel-form/laravel-form/vendor/laravel/framework/src/Illuminate/Foundation/Application.php on line 572 and exactly 1 expected at /var/www/html/laravel-form/laravel-form/app/Providers/FormServiceProvider.php:27)
[stacktrace]
#0 /var/www/html/laravel-form/laravel-form/vendor/laravel/framework/src/Illuminate/Foundation/Application.php(572): App\\Providers\\FormServiceProvider->register()
#1 /var/www/html/laravel-form/laravel-form/vendor/laravel/framework/src/Illuminate/Foundation/ProviderRepository.php(75): Illuminate\\Foundation\\Application->register(Object(App\\Providers\\FormServiceProvider))
#2 /var/www/html/laravel-form/laravel-form/vendor/laravel/framework/src/Illuminate/Foundation/Application.php(548): Illuminate\\Foundation\\ProviderRepository->load(Array)
#3 /var/www/html/laravel-form/laravel-form/vendor/laravel/framework/src/Illuminate/Foundation/Bootstrap/RegisterProviders.php(17): Illuminate\\Foundation\\Application->registerConfiguredProviders()
#4 /var/www/html/laravel-form/laravel-form/vendor/laravel/framework/src/Illuminate/Foundation/Application.php(206): Illuminate\\Foundation\\Bootstrap\\RegisterProviders->bootstrap(Object(Illuminate\\Foundation\\Application))
#5 /var/www/html/laravel-form/laravel-form/vendor/laravel/framework/src/Illuminate/Foundation/Http/Kernel.php(162): Illuminate\\Foundation\\Application->bootstrapWith(Array)
#6 /var/www/html/laravel-form/laravel-form/vendor/laravel/framework/src/Illuminate/Foundation/Http/Kernel.php(146): Illuminate\\Foundation\\Http\\Kernel->bootstrap()
#7 /var/www/html/laravel-form/laravel-form/vendor/laravel/framework/src/Illuminate/Foundation/Http/Kernel.php(116): Illuminate\\Foundation\\Http\\Kernel->sendRequestThroughRouter(Object(Illuminate\\Http\\Request))
#8 /var/www/html/laravel-form/laravel-form/public/index.php(55): Illuminate\\Foundation\\Http\\Kernel->handle(Object(Illuminate\\Http\\Request))
#9 {main}
"} 
[2018-11-21 11:08:26] local.ERROR: Too few arguments to function App\Providers\FormServiceProvider::register(), 0 passed in /var/www/html/laravel-form/laravel-form/vendor/laravel/framework/src/Illuminate/Foundation/Application.php on line 572 and exactly 1 expected {"exception":"[object] (Symfony\\Component\\Debug\\Exception\\FatalThrowableError(code: 0): Too few arguments to function App\\Providers\\FormServiceProvider::register(), 0 passed in /var/www/html/laravel-form/laravel-form/vendor/laravel/framework/src/Illuminate/Foundation/Application.php on line 572 and exactly 1 expected at /var/www/html/laravel-form/laravel-form/app/Providers/FormServiceProvider.php:27)
[stacktrace]
#0 /var/www/html/laravel-form/laravel-form/vendor/laravel/framework/src/Illuminate/Foundation/Application.php(572): App\\Providers\\FormServiceProvider->register()
#1 /var/www/html/laravel-form/laravel-form/vendor/laravel/framework/src/Illuminate/Foundation/ProviderRepository.php(75): Illuminate\\Foundation\\Application->register(Object(App\\Providers\\FormServiceProvider))
#2 /var/www/html/laravel-form/laravel-form/vendor/laravel/framework/src/Illuminate/Foundation/Application.php(548): Illuminate\\Foundation\\ProviderRepository->load(Array)
#3 /var/www/html/laravel-form/laravel-form/vendor/laravel/framework/src/Illuminate/Foundation/Bootstrap/RegisterProviders.php(17): Illuminate\\Foundation\\Application->registerConfiguredProviders()
#4 /var/www/html/laravel-form/laravel-form/vendor/laravel/framework/src/Illuminate/Foundation/Application.php(206): Illuminate\\Foundation\\Bootstrap\\RegisterProviders->bootstrap(Object(Illuminate\\Foundation\\Application))
#5 /var/www/html/laravel-form/laravel-form/vendor/laravel/framework/src/Illuminate/Foundation/Http/Kernel.php(162): Illuminate\\Foundation\\Application->bootstrapWith(Array)
#6 /var/www/html/laravel-form/laravel-form/vendor/laravel/framework/src/Illuminate/Foundation/Http/Kernel.php(146): Illuminate\\Foundation\\Http\\Kernel->bootstrap()
#7 /var/www/html/laravel-form/laravel-form/vendor/laravel/framework/src/Illuminate/Foundation/Http/Kernel.php(116): Illuminate\\Foundation\\Http\\Kernel->sendRequestThroughRouter(Object(Illuminate\\Http\\Request))
#8 /var/www/html/laravel-form/laravel-form/public/index.php(55): Illuminate\\Foundation\\Http\\Kernel->handle(Object(Illuminate\\Http\\Request))
#9 {main}
"} 
[2018-11-21 11:08:26] local.ERROR: Too few arguments to function App\Providers\FormServiceProvider::register(), 0 passed in /var/www/html/laravel-form/laravel-form/vendor/laravel/framework/src/Illuminate/Foundation/Application.php on line 572 and exactly 1 expected {"exception":"[object] (Symfony\\Component\\Debug\\Exception\\FatalThrowableError(code: 0): Too few arguments to function App\\Providers\\FormServiceProvider::register(), 0 passed in /var/www/html/laravel-form/laravel-form/vendor/laravel/framework/src/Illuminate/Foundation/Application.php on line 572 and exactly 1 expected at /var/www/html/laravel-form/laravel-form/app/Providers/FormServiceProvider.php:27)
[stacktrace]
#0 /var/www/html/laravel-form/laravel-form/vendor/laravel/framework/src/Illuminate/Foundation/Application.php(572): App\\Providers\\FormServiceProvider->register()
#1 /var/www/html/laravel-form/laravel-form/vendor/laravel/framework/src/Illuminate/Foundation/ProviderRepository.php(75): Illuminate\\Foundation\\Application->register(Object(App\\Providers\\FormServiceProvider))
#2 /var/www/html/laravel-form/laravel-form/vendor/laravel/framework/src/Illuminate/Foundation/Application.php(548): Illuminate\\Foundation\\ProviderRepository->load(Array)
#3 /var/www/html/laravel-form/laravel-form/vendor/laravel/framework/src/Illuminate/Foundation/Bootstrap/RegisterProviders.php(17): Illuminate\\Foundation\\Application->registerConfiguredProviders()
#4 /var/www/html/laravel-form/laravel-form/vendor/laravel/framework/src/Illuminate/Foundation/Application.php(206): Illuminate\\Foundation\\Bootstrap\\RegisterProviders->bootstrap(Object(Illuminate\\Foundation\\Application))
#5 /var/www/html/laravel-form/laravel-form/vendor/laravel/framework/src/Illuminate/Foundation/Http/Kernel.php(162): Illuminate\\Foundation\\Application->bootstrapWith(Array)
#6 /var/www/html/laravel-form/laravel-form/vendor/laravel/framework/src/Illuminate/Foundation/Http/Kernel.php(146): Illuminate\\Foundation\\Http\\Kernel->bootstrap()
#7 /var/www/html/laravel-form/laravel-form/vendor/laravel/framework/src/Illuminate/Foundation/Http/Kernel.php(116): Illuminate\\Foundation\\Http\\Kernel->sendRequestThroughRouter(Object(Illuminate\\Http\\Request))
#8 /var/www/html/laravel-form/laravel-form/public/index.php(55): Illuminate\\Foundation\\Http\\Kernel->handle(Object(Illuminate\\Http\\Request))
#9 {main}
"} 
[2018-11-21 11:08:26] local.ERROR: Too few arguments to function App\Providers\FormServiceProvider::register(), 0 passed in /var/www/html/laravel-form/laravel-form/vendor/laravel/framework/src/Illuminate/Foundation/Application.php on line 572 and exactly 1 expected {"exception":"[object] (Symfony\\Component\\Debug\\Exception\\FatalThrowableError(code: 0): Too few arguments to function App\\Providers\\FormServiceProvider::register(), 0 passed in /var/www/html/laravel-form/laravel-form/vendor/laravel/framework/src/Illuminate/Foundation/Application.php on line 572 and exactly 1 expected at /var/www/html/laravel-form/laravel-form/app/Providers/FormServiceProvider.php:27)
[stacktrace]
#0 /var/www/html/laravel-form/laravel-form/vendor/laravel/framework/src/Illuminate/Foundation/Application.php(572): App\\Providers\\FormServiceProvider->register()
#1 /var/www/html/laravel-form/laravel-form/vendor/laravel/framework/src/Illuminate/Foundation/ProviderRepository.php(75): Illuminate\\Foundation\\Application->register(Object(App\\Providers\\FormServiceProvider))
#2 /var/www/html/laravel-form/laravel-form/vendor/laravel/framework/src/Illuminate/Foundation/Application.php(548): Illuminate\\Foundation\\ProviderRepository->load(Array)
#3 /var/www/html/laravel-form/laravel-form/vendor/laravel/framework/src/Illuminate/Foundation/Bootstrap/RegisterProviders.php(17): Illuminate\\Foundation\\Application->registerConfiguredProviders()
#4 /var/www/html/laravel-form/laravel-form/vendor/laravel/framework/src/Illuminate/Foundation/Application.php(206): Illuminate\\Foundation\\Bootstrap\\RegisterProviders->bootstrap(Object(Illuminate\\Foundation\\Application))
#5 /var/www/html/laravel-form/laravel-form/vendor/laravel/framework/src/Illuminate/Foundation/Http/Kernel.php(162): Illuminate\\Foundation\\Application->bootstrapWith(Array)
#6 /var/www/html/laravel-form/laravel-form/vendor/laravel/framework/src/Illuminate/Foundation/Http/Kernel.php(146): Illuminate\\Foundation\\Http\\Kernel->bootstrap()
#7 /var/www/html/laravel-form/laravel-form/vendor/laravel/framework/src/Illuminate/Foundation/Http/Kernel.php(116): Illuminate\\Foundation\\Http\\Kernel->sendRequestThroughRouter(Object(Illuminate\\Http\\Request))
#8 /var/www/html/laravel-form/laravel-form/public/index.php(55): Illuminate\\Foundation\\Http\\Kernel->handle(Object(Illuminate\\Http\\Request))
#9 {main}
"} 
[2018-11-21 11:08:27] local.ERROR: Too few arguments to function App\Providers\FormServiceProvider::register(), 0 passed in /var/www/html/laravel-form/laravel-form/vendor/laravel/framework/src/Illuminate/Foundation/Application.php on line 572 and exactly 1 expected {"exception":"[object] (Symfony\\Component\\Debug\\Exception\\FatalThrowableError(code: 0): Too few arguments to function App\\Providers\\FormServiceProvider::register(), 0 passed in /var/www/html/laravel-form/laravel-form/vendor/laravel/framework/src/Illuminate/Foundation/Application.php on line 572 and exactly 1 expected at /var/www/html/laravel-form/laravel-form/app/Providers/FormServiceProvider.php:27)
[stacktrace]
#0 /var/www/html/laravel-form/laravel-form/vendor/laravel/framework/src/Illuminate/Foundation/Application.php(572): App\\Providers\\FormServiceProvider->register()
#1 /var/www/html/laravel-form/laravel-form/vendor/laravel/framework/src/Illuminate/Foundation/ProviderRepository.php(75): Illuminate\\Foundation\\Application->register(Object(App\\Providers\\FormServiceProvider))
#2 /var/www/html/laravel-form/laravel-form/vendor/laravel/framework/src/Illuminate/Foundation/Application.php(548): Illuminate\\Foundation\\ProviderRepository->load(Array)
#3 /var/www/html/laravel-form/laravel-form/vendor/laravel/framework/src/Illuminate/Foundation/Bootstrap/RegisterProviders.php(17): Illuminate\\Foundation\\Application->registerConfiguredProviders()
#4 /var/www/html/laravel-form/laravel-form/vendor/laravel/framework/src/Illuminate/Foundation/Application.php(206): Illuminate\\Foundation\\Bootstrap\\RegisterProviders->bootstrap(Object(Illuminate\\Foundation\\Application))
#5 /var/www/html/laravel-form/laravel-form/vendor/laravel/framework/src/Illuminate/Foundation/Http/Kernel.php(162): Illuminate\\Foundation\\Application->bootstrapWith(Array)
#6 /var/www/html/laravel-form/laravel-form/vendor/laravel/framework/src/Illuminate/Foundation/Http/Kernel.php(146): Illuminate\\Foundation\\Http\\Kernel->bootstrap()
#7 /var/www/html/laravel-form/laravel-form/vendor/laravel/framework/src/Illuminate/Foundation/Http/Kernel.php(116): Illuminate\\Foundation\\Http\\Kernel->sendRequestThroughRouter(Object(Illuminate\\Http\\Request))
#8 /var/www/html/laravel-form/laravel-form/public/index.php(55): Illuminate\\Foundation\\Http\\Kernel->handle(Object(Illuminate\\Http\\Request))
#9 {main}
"} 
[2018-11-21 11:09:03] local.INFO: Dates are submited.  
[2018-11-21 11:09:04] local.INFO: Reading from session  
[2018-11-21 11:22:33] local.INFO: Reading from session  
[2018-11-21 11:22:33] local.INFO: Reading from session  
[2018-11-21 11:22:34] local.INFO: Reading from session  
[2018-11-21 11:22:34] local.INFO: Reading from session  
[2018-11-21 11:22:34] local.INFO: Reading from session  
[2018-11-21 11:22:40] local.ERROR: Error {"name":["The name must be at least 2 characters."],"email":["The email must be a valid email address."],"message":["The message field is required."]} 
[2018-11-21 11:22:40] local.ERROR: Class 'App\Http\Controllers\Exception' not found {"exception":"[object] (Symfony\\Component\\Debug\\Exception\\FatalThrowableError(code: 0): Class 'App\\Http\\Controllers\\Exception' not found at /var/www/html/laravel-form/laravel-form/app/Http/Controllers/FormController.php:51)
[stacktrace]
#0 [internal function]: App\\Http\\Controllers\\FormController->formRequest()
#1 /var/www/html/laravel-form/laravel-form/vendor/laravel/framework/src/Illuminate/Routing/Controller.php(54): call_user_func_array(Array, Array)
#2 /var/www/html/laravel-form/laravel-form/vendor/laravel/framework/src/Illuminate/Routing/ControllerDispatcher.php(45): Illuminate\\Routing\\Controller->callAction('formRequest', Array)
#3 /var/www/html/laravel-form/laravel-form/vendor/laravel/framework/src/Illuminate/Routing/Route.php(212): Illuminate\\Routing\\ControllerDispatcher->dispatch(Object(Illuminate\\Routing\\Route), Object(App\\Http\\Controllers\\FormController), 'formRequest')
#4 /var/www/html/laravel-form/laravel-form/vendor/laravel/framework/src/Illuminate/Routing/Route.php(169): Illuminate\\Routing\\Route->runController()
#5 /var/www/html/laravel-form/laravel-form/vendor/laravel/framework/src/Illuminate/Routing/Router.php(679): Illuminate\\Routing\\Route->run()
#6 /var/www/html/laravel-form/laravel-form/vendor/laravel/framework/src/Illuminate/Routing/Pipeline.php(30): Illuminate\\Routing\\Router->Illuminate\\Routing\\{closure}(Object(Illuminate\\Http\\Request))
#7 /var/www/html/laravel-form/laravel-form/vendor/laravel/framework/src/Illuminate/Routing/Middleware/SubstituteBindings.php(41): Illuminate\\Routing\\Pipeline->Illuminate\\Routing\\{closure}(Object(Illuminate\\Http\\Request))
#8 /var/www/html/laravel-form/laravel-form/vendor/laravel/framework/src/Illuminate/Pipeline/Pipeline.php(151): Illuminate\\Routing\\Middleware\\SubstituteBindings->handle(Object(Illuminate\\Http\\Request), Object(Closure))
#9 /var/www/html/laravel-form/laravel-form/vendor/laravel/framework/src/Illuminate/Routing/Pipeline.php(53): Illuminate\\Pipeline\\Pipeline->Illuminate\\Pipeline\\{closure}(Object(Illuminate\\Http\\Request))
#10 /var/www/html/laravel-form/laravel-form/vendor/laravel/framework/src/Illuminate/Foundation/Http/Middleware/VerifyCsrfToken.php(75): Illuminate\\Routing\\Pipeline->Illuminate\\Routing\\{closure}(Object(Illuminate\\Http\\Request))
#11 /var/www/html/laravel-form/laravel-form/vendor/laravel/framework/src/Illuminate/Pipeline/Pipeline.php(151): Illuminate\\Foundation\\Http\\Middleware\\VerifyCsrfToken->handle(Object(Illuminate\\Http\\Request), Object(Closure))
#12 /var/www/html/laravel-form/laravel-form/vendor/laravel/framework/src/Illuminate/Routing/Pipeline.php(53): Illuminate\\Pipeline\\Pipeline->Illuminate\\Pipeline\\{closure}(Object(Illuminate\\Http\\Request))
#13 /var/www/html/laravel-form/laravel-form/vendor/laravel/framework/src/Illuminate/View/Middleware/ShareErrorsFromSession.php(49): Illuminate\\Routing\\Pipeline->Illuminate\\Routing\\{closure}(Object(Illuminate\\Http\\Request))
#14 /var/www/html/laravel-form/laravel-form/vendor/laravel/framework/src/Illuminate/Pipeline/Pipeline.php(151): Illuminate\\View\\Middleware\\ShareErrorsFromSession->handle(Object(Illuminate\\Http\\Request), Object(Closure))
#15 /var/www/html/laravel-form/laravel-form/vendor/laravel/framework/src/Illuminate/Routing/Pipeline.php(53): Illuminate\\Pipeline\\Pipeline->Illuminate\\Pipeline\\{closure}(Object(Illuminate\\Http\\Request))
#16 /var/www/html/laravel-form/laravel-form/vendor/laravel/framework/src/Illuminate/Session/Middleware/StartSession.php(63): Illuminate\\Routing\\Pipeline->Illuminate\\Routing\\{closure}(Object(Illuminate\\Http\\Request))
#17 /var/www/html/laravel-form/laravel-form/vendor/laravel/framework/src/Illuminate/Pipeline/Pipeline.php(151): Illuminate\\Session\\Middleware\\StartSession->handle(Object(Illuminate\\Http\\Request), Object(Closure))
#18 /var/www/html/laravel-form/laravel-form/vendor/laravel/framework/src/Illuminate/Routing/Pipeline.php(53): Illuminate\\Pipeline\\Pipeline->Illuminate\\Pipeline\\{closure}(Object(Illuminate\\Http\\Request))
#19 /var/www/html/laravel-form/laravel-form/vendor/laravel/framework/src/Illuminate/Cookie/Middleware/AddQueuedCookiesToResponse.php(37): Illuminate\\Routing\\Pipeline->Illuminate\\Routing\\{closure}(Object(Illuminate\\Http\\Request))
#20 /var/www/html/laravel-form/laravel-form/vendor/laravel/framework/src/Illuminate/Pipeline/Pipeline.php(151): Illuminate\\Cookie\\Middleware\\AddQueuedCookiesToResponse->handle(Object(Illuminate\\Http\\Request), Object(Closure))
#21 /var/www/html/laravel-form/laravel-form/vendor/laravel/framework/src/Illuminate/Routing/Pipeline.php(53): Illuminate\\Pipeline\\Pipeline->Illuminate\\Pipeline\\{closure}(Object(Illuminate\\Http\\Request))
#22 /var/www/html/laravel-form/laravel-form/vendor/laravel/framework/src/Illuminate/Cookie/Middleware/EncryptCookies.php(66): Illuminate\\Routing\\Pipeline->Illuminate\\Routing\\{closure}(Object(Illuminate\\Http\\Request))
#23 /var/www/html/laravel-form/laravel-form/vendor/laravel/framework/src/Illuminate/Pipeline/Pipeline.php(151): Illuminate\\Cookie\\Middleware\\EncryptCookies->handle(Object(Illuminate\\Http\\Request), Object(Closure))
#24 /var/www/html/laravel-form/laravel-form/vendor/laravel/framework/src/Illuminate/Routing/Pipeline.php(53): Illuminate\\Pipeline\\Pipeline->Illuminate\\Pipeline\\{closure}(Object(Illuminate\\Http\\Request))
#25 /var/www/html/laravel-form/laravel-form/vendor/laravel/framework/src/Illuminate/Pipeline/Pipeline.php(104): Illuminate\\Routing\\Pipeline->Illuminate\\Routing\\{closure}(Object(Illuminate\\Http\\Request))
#26 /var/www/html/laravel-form/laravel-form/vendor/laravel/framework/src/Illuminate/Routing/Router.php(681): Illuminate\\Pipeline\\Pipeline->then(Object(Closure))
#27 /var/www/html/laravel-form/laravel-form/vendor/laravel/framework/src/Illuminate/Routing/Router.php(656): Illuminate\\Routing\\Router->runRouteWithinStack(Object(Illuminate\\Routing\\Route), Object(Illuminate\\Http\\Request))
#28 /var/www/html/laravel-form/laravel-form/vendor/laravel/framework/src/Illuminate/Routing/Router.php(622): Illuminate\\Routing\\Router->runRoute(Object(Illuminate\\Http\\Request), Object(Illuminate\\Routing\\Route))
#29 /var/www/html/laravel-form/laravel-form/vendor/laravel/framework/src/Illuminate/Routing/Router.php(611): Illuminate\\Routing\\Router->dispatchToRoute(Object(Illuminate\\Http\\Request))
#30 /var/www/html/laravel-form/laravel-form/vendor/laravel/framework/src/Illuminate/Foundation/Http/Kernel.php(176): Illuminate\\Routing\\Router->dispatch(Object(Illuminate\\Http\\Request))
#31 /var/www/html/laravel-form/laravel-form/vendor/laravel/framework/src/Illuminate/Routing/Pipeline.php(30): Illuminate\\Foundation\\Http\\Kernel->Illuminate\\Foundation\\Http\\{closure}(Object(Illuminate\\Http\\Request))
#32 /var/www/html/laravel-form/laravel-form/vendor/fideloper/proxy/src/TrustProxies.php(57): Illuminate\\Routing\\Pipeline->Illuminate\\Routing\\{closure}(Object(Illuminate\\Http\\Request))
#33 /var/www/html/laravel-form/laravel-form/vendor/laravel/framework/src/Illuminate/Pipeline/Pipeline.php(151): Fideloper\\Proxy\\TrustProxies->handle(Object(Illuminate\\Http\\Request), Object(Closure))
#34 /var/www/html/laravel-form/laravel-form/vendor/laravel/framework/src/Illuminate/Routing/Pipeline.php(53): Illuminate\\Pipeline\\Pipeline->Illuminate\\Pipeline\\{closure}(Object(Illuminate\\Http\\Request))
#35 /var/www/html/laravel-form/laravel-form/vendor/laravel/framework/src/Illuminate/Foundation/Http/Middleware/TransformsRequest.php(31): Illuminate\\Routing\\Pipeline->Illuminate\\Routing\\{closure}(Object(Illuminate\\Http\\Request))
#36 /var/www/html/laravel-form/laravel-form/vendor/laravel/framework/src/Illuminate/Pipeline/Pipeline.php(151): Illuminate\\Foundation\\Http\\Middleware\\TransformsRequest->handle(Object(Illuminate\\Http\\Request), Object(Closure))
#37 /var/www/html/laravel-form/laravel-form/vendor/laravel/framework/src/Illuminate/Routing/Pipeline.php(53): Illuminate\\Pipeline\\Pipeline->Illuminate\\Pipeline\\{closure}(Object(Illuminate\\Http\\Request))
#38 /var/www/html/laravel-form/laravel-form/vendor/laravel/framework/src/Illuminate/Foundation/Http/Middleware/TransformsRequest.php(31): Illuminate\\Routing\\Pipeline->Illuminate\\Routing\\{closure}(Object(Illuminate\\Http\\Request))
#39 /var/www/html/laravel-form/laravel-form/vendor/laravel/framework/src/Illuminate/Pipeline/Pipeline.php(151): Illuminate\\Foundation\\Http\\Middleware\\TransformsRequest->handle(Object(Illuminate\\Http\\Request), Object(Closure))
#40 /var/www/html/laravel-form/laravel-form/vendor/laravel/framework/src/Illuminate/Routing/Pipeline.php(53): Illuminate\\Pipeline\\Pipeline->Illuminate\\Pipeline\\{closure}(Object(Illuminate\\Http\\Request))
#41 /var/www/html/laravel-form/laravel-form/vendor/laravel/framework/src/Illuminate/Foundation/Http/Middleware/ValidatePostSize.php(27): Illuminate\\Routing\\Pipeline->Illuminate\\Routing\\{closure}(Object(Illuminate\\Http\\Request))
#42 /var/www/html/laravel-form/laravel-form/vendor/laravel/framework/src/Illuminate/Pipeline/Pipeline.php(151): Illuminate\\Foundation\\Http\\Middleware\\ValidatePostSize->handle(Object(Illuminate\\Http\\Request), Object(Closure))
#43 /var/www/html/laravel-form/laravel-form/vendor/laravel/framework/src/Illuminate/Routing/Pipeline.php(53): Illuminate\\Pipeline\\Pipeline->Illuminate\\Pipeline\\{closure}(Object(Illuminate\\Http\\Request))
#44 /var/www/html/laravel-form/laravel-form/vendor/laravel/framework/src/Illuminate/Foundation/Http/Middleware/CheckForMaintenanceMode.php(62): Illuminate\\Routing\\Pipeline->Illuminate\\Routing\\{closure}(Object(Illuminate\\Http\\Request))
#45 /var/www/html/laravel-form/laravel-form/vendor/laravel/framework/src/Illuminate/Pipeline/Pipeline.php(151): Illuminate\\Foundation\\Http\\Middleware\\CheckForMaintenanceMode->handle(Object(Illuminate\\Http\\Request), Object(Closure))
#46 /var/www/html/laravel-form/laravel-form/vendor/laravel/framework/src/Illuminate/Routing/Pipeline.php(53): Illuminate\\Pipeline\\Pipeline->Illuminate\\Pipeline\\{closure}(Object(Illuminate\\Http\\Request))
#47 /var/www/html/laravel-form/laravel-form/vendor/laravel/framework/src/Illuminate/Pipeline/Pipeline.php(104): Illuminate\\Routing\\Pipeline->Illuminate\\Routing\\{closure}(Object(Illuminate\\Http\\Request))
#48 /var/www/html/laravel-form/laravel-form/vendor/laravel/framework/src/Illuminate/Foundation/Http/Kernel.php(151): Illuminate\\Pipeline\\Pipeline->then(Object(Closure))
#49 /var/www/html/laravel-form/laravel-form/vendor/laravel/framework/src/Illuminate/Foundation/Http/Kernel.php(116): Illuminate\\Foundation\\Http\\Kernel->sendRequestThroughRouter(Object(Illuminate\\Http\\Request))
#50 /var/www/html/laravel-form/laravel-form/public/index.php(55): Illuminate\\Foundation\\Http\\Kernel->handle(Object(Illuminate\\Http\\Request))
#51 {main}
"} 
[2018-11-21 11:23:06] local.ERROR: Error {"name":["The name must be at least 2 characters."],"email":["The email must be a valid email address."],"message":["The message field is required."]} 
[2018-11-21 11:23:06] local.ERROR: Value must be 1 or below {"exception":"[object] (Exception(code: 0): Value must be 1 or below at /var/www/html/laravel-form/laravel-form/app/Http/Controllers/FormController.php:51)
[stacktrace]
#0 [internal function]: App\\Http\\Controllers\\FormController->formRequest()
#1 /var/www/html/laravel-form/laravel-form/vendor/laravel/framework/src/Illuminate/Routing/Controller.php(54): call_user_func_array(Array, Array)
#2 /var/www/html/laravel-form/laravel-form/vendor/laravel/framework/src/Illuminate/Routing/ControllerDispatcher.php(45): Illuminate\\Routing\\Controller->callAction('formRequest', Array)
#3 /var/www/html/laravel-form/laravel-form/vendor/laravel/framework/src/Illuminate/Routing/Route.php(212): Illuminate\\Routing\\ControllerDispatcher->dispatch(Object(Illuminate\\Routing\\Route), Object(App\\Http\\Controllers\\FormController), 'formRequest')
#4 /var/www/html/laravel-form/laravel-form/vendor/laravel/framework/src/Illuminate/Routing/Route.php(169): Illuminate\\Routing\\Route->runController()
#5 /var/www/html/laravel-form/laravel-form/vendor/laravel/framework/src/Illuminate/Routing/Router.php(679): Illuminate\\Routing\\Route->run()
#6 /var/www/html/laravel-form/laravel-form/vendor/laravel/framework/src/Illuminate/Routing/Pipeline.php(30): Illuminate\\Routing\\Router->Illuminate\\Routing\\{closure}(Object(Illuminate\\Http\\Request))
#7 /var/www/html/laravel-form/laravel-form/vendor/laravel/framework/src/Illuminate/Routing/Middleware/SubstituteBindings.php(41): Illuminate\\Routing\\Pipeline->Illuminate\\Routing\\{closure}(Object(Illuminate\\Http\\Request))
#8 /var/www/html/laravel-form/laravel-form/vendor/laravel/framework/src/Illuminate/Pipeline/Pipeline.php(151): Illuminate\\Routing\\Middleware\\SubstituteBindings->handle(Object(Illuminate\\Http\\Request), Object(Closure))
#9 /var/www/html/laravel-form/laravel-form/vendor/laravel/framework/src/Illuminate/Routing/Pipeline.php(53): Illuminate\\Pipeline\\Pipeline->Illuminate\\Pipeline\\{closure}(Object(Illuminate\\Http\\Request))
#10 /var/www/html/laravel-form/laravel-form/vendor/laravel/framework/src/Illuminate/Foundation/Http/Middleware/VerifyCsrfToken.php(75): Illuminate\\Routing\\Pipeline->Illuminate\\Routing\\{closure}(Object(Illuminate\\Http\\Request))
#11 /var/www/html/laravel-form/laravel-form/vendor/laravel/framework/src/Illuminate/Pipeline/Pipeline.php(151): Illuminate\\Foundation\\Http\\Middleware\\VerifyCsrfToken->handle(Object(Illuminate\\Http\\Request), Object(Closure))
#12 /var/www/html/laravel-form/laravel-form/vendor/laravel/framework/src/Illuminate/Routing/Pipeline.php(53): Illuminate\\Pipeline\\Pipeline->Illuminate\\Pipeline\\{closure}(Object(Illuminate\\Http\\Request))
#13 /var/www/html/laravel-form/laravel-form/vendor/laravel/framework/src/Illuminate/View/Middleware/ShareErrorsFromSession.php(49): Illuminate\\Routing\\Pipeline->Illuminate\\Routing\\{closure}(Object(Illuminate\\Http\\Request))
#14 /var/www/html/laravel-form/laravel-form/vendor/laravel/framework/src/Illuminate/Pipeline/Pipeline.php(151): Illuminate\\View\\Middleware\\ShareErrorsFromSession->handle(Object(Illuminate\\Http\\Request), Object(Closure))
#15 /var/www/html/laravel-form/laravel-form/vendor/laravel/framework/src/Illuminate/Routing/Pipeline.php(53): Illuminate\\Pipeline\\Pipeline->Illuminate\\Pipeline\\{closure}(Object(Illuminate\\Http\\Request))
#16 /var/www/html/laravel-form/laravel-form/vendor/laravel/framework/src/Illuminate/Session/Middleware/StartSession.php(63): Illuminate\\Routing\\Pipeline->Illuminate\\Routing\\{closure}(Object(Illuminate\\Http\\Request))
#17 /var/www/html/laravel-form/laravel-form/vendor/laravel/framework/src/Illuminate/Pipeline/Pipeline.php(151): Illuminate\\Session\\Middleware\\StartSession->handle(Object(Illuminate\\Http\\Request), Object(Closure))
#18 /var/www/html/laravel-form/laravel-form/vendor/laravel/framework/src/Illuminate/Routing/Pipeline.php(53): Illuminate\\Pipeline\\Pipeline->Illuminate\\Pipeline\\{closure}(Object(Illuminate\\Http\\Request))
#19 /var/www/html/laravel-form/laravel-form/vendor/laravel/framework/src/Illuminate/Cookie/Middleware/AddQueuedCookiesToResponse.php(37): Illuminate\\Routing\\Pipeline->Illuminate\\Routing\\{closure}(Object(Illuminate\\Http\\Request))
#20 /var/www/html/laravel-form/laravel-form/vendor/laravel/framework/src/Illuminate/Pipeline/Pipeline.php(151): Illuminate\\Cookie\\Middleware\\AddQueuedCookiesToResponse->handle(Object(Illuminate\\Http\\Request), Object(Closure))
#21 /var/www/html/laravel-form/laravel-form/vendor/laravel/framework/src/Illuminate/Routing/Pipeline.php(53): Illuminate\\Pipeline\\Pipeline->Illuminate\\Pipeline\\{closure}(Object(Illuminate\\Http\\Request))
#22 /var/www/html/laravel-form/laravel-form/vendor/laravel/framework/src/Illuminate/Cookie/Middleware/EncryptCookies.php(66): Illuminate\\Routing\\Pipeline->Illuminate\\Routing\\{closure}(Object(Illuminate\\Http\\Request))
#23 /var/www/html/laravel-form/laravel-form/vendor/laravel/framework/src/Illuminate/Pipeline/Pipeline.php(151): Illuminate\\Cookie\\Middleware\\EncryptCookies->handle(Object(Illuminate\\Http\\Request), Object(Closure))
#24 /var/www/html/laravel-form/laravel-form/vendor/laravel/framework/src/Illuminate/Routing/Pipeline.php(53): Illuminate\\Pipeline\\Pipeline->Illuminate\\Pipeline\\{closure}(Object(Illuminate\\Http\\Request))
#25 /var/www/html/laravel-form/laravel-form/vendor/laravel/framework/src/Illuminate/Pipeline/Pipeline.php(104): Illuminate\\Routing\\Pipeline->Illuminate\\Routing\\{closure}(Object(Illuminate\\Http\\Request))
#26 /var/www/html/laravel-form/laravel-form/vendor/laravel/framework/src/Illuminate/Routing/Router.php(681): Illuminate\\Pipeline\\Pipeline->then(Object(Closure))
#27 /var/www/html/laravel-form/laravel-form/vendor/laravel/framework/src/Illuminate/Routing/Router.php(656): Illuminate\\Routing\\Router->runRouteWithinStack(Object(Illuminate\\Routing\\Route), Object(Illuminate\\Http\\Request))
#28 /var/www/html/laravel-form/laravel-form/vendor/laravel/framework/src/Illuminate/Routing/Router.php(622): Illuminate\\Routing\\Router->runRoute(Object(Illuminate\\Http\\Request), Object(Illuminate\\Routing\\Route))
#29 /var/www/html/laravel-form/laravel-form/vendor/laravel/framework/src/Illuminate/Routing/Router.php(611): Illuminate\\Routing\\Router->dispatchToRoute(Object(Illuminate\\Http\\Request))
#30 /var/www/html/laravel-form/laravel-form/vendor/laravel/framework/src/Illuminate/Foundation/Http/Kernel.php(176): Illuminate\\Routing\\Router->dispatch(Object(Illuminate\\Http\\Request))
#31 /var/www/html/laravel-form/laravel-form/vendor/laravel/framework/src/Illuminate/Routing/Pipeline.php(30): Illuminate\\Foundation\\Http\\Kernel->Illuminate\\Foundation\\Http\\{closure}(Object(Illuminate\\Http\\Request))
#32 /var/www/html/laravel-form/laravel-form/vendor/fideloper/proxy/src/TrustProxies.php(57): Illuminate\\Routing\\Pipeline->Illuminate\\Routing\\{closure}(Object(Illuminate\\Http\\Request))
#33 /var/www/html/laravel-form/laravel-form/vendor/laravel/framework/src/Illuminate/Pipeline/Pipeline.php(151): Fideloper\\Proxy\\TrustProxies->handle(Object(Illuminate\\Http\\Request), Object(Closure))
#34 /var/www/html/laravel-form/laravel-form/vendor/laravel/framework/src/Illuminate/Routing/Pipeline.php(53): Illuminate\\Pipeline\\Pipeline->Illuminate\\Pipeline\\{closure}(Object(Illuminate\\Http\\Request))
#35 /var/www/html/laravel-form/laravel-form/vendor/laravel/framework/src/Illuminate/Foundation/Http/Middleware/TransformsRequest.php(31): Illuminate\\Routing\\Pipeline->Illuminate\\Routing\\{closure}(Object(Illuminate\\Http\\Request))
#36 /var/www/html/laravel-form/laravel-form/vendor/laravel/framework/src/Illuminate/Pipeline/Pipeline.php(151): Illuminate\\Foundation\\Http\\Middleware\\TransformsRequest->handle(Object(Illuminate\\Http\\Request), Object(Closure))
#37 /var/www/html/laravel-form/laravel-form/vendor/laravel/framework/src/Illuminate/Routing/Pipeline.php(53): Illuminate\\Pipeline\\Pipeline->Illuminate\\Pipeline\\{closure}(Object(Illuminate\\Http\\Request))
#38 /var/www/html/laravel-form/laravel-form/vendor/laravel/framework/src/Illuminate/Foundation/Http/Middleware/TransformsRequest.php(31): Illuminate\\Routing\\Pipeline->Illuminate\\Routing\\{closure}(Object(Illuminate\\Http\\Request))
#39 /var/www/html/laravel-form/laravel-form/vendor/laravel/framework/src/Illuminate/Pipeline/Pipeline.php(151): Illuminate\\Foundation\\Http\\Middleware\\TransformsRequest->handle(Object(Illuminate\\Http\\Request), Object(Closure))
#40 /var/www/html/laravel-form/laravel-form/vendor/laravel/framework/src/Illuminate/Routing/Pipeline.php(53): Illuminate\\Pipeline\\Pipeline->Illuminate\\Pipeline\\{closure}(Object(Illuminate\\Http\\Request))
#41 /var/www/html/laravel-form/laravel-form/vendor/laravel/framework/src/Illuminate/Foundation/Http/Middleware/ValidatePostSize.php(27): Illuminate\\Routing\\Pipeline->Illuminate\\Routing\\{closure}(Object(Illuminate\\Http\\Request))
#42 /var/www/html/laravel-form/laravel-form/vendor/laravel/framework/src/Illuminate/Pipeline/Pipeline.php(151): Illuminate\\Foundation\\Http\\Middleware\\ValidatePostSize->handle(Object(Illuminate\\Http\\Request), Object(Closure))
#43 /var/www/html/laravel-form/laravel-form/vendor/laravel/framework/src/Illuminate/Routing/Pipeline.php(53): Illuminate\\Pipeline\\Pipeline->Illuminate\\Pipeline\\{closure}(Object(Illuminate\\Http\\Request))
#44 /var/www/html/laravel-form/laravel-form/vendor/laravel/framework/src/Illuminate/Foundation/Http/Middleware/CheckForMaintenanceMode.php(62): Illuminate\\Routing\\Pipeline->Illuminate\\Routing\\{closure}(Object(Illuminate\\Http\\Request))
#45 /var/www/html/laravel-form/laravel-form/vendor/laravel/framework/src/Illuminate/Pipeline/Pipeline.php(151): Illuminate\\Foundation\\Http\\Middleware\\CheckForMaintenanceMode->handle(Object(Illuminate\\Http\\Request), Object(Closure))
#46 /var/www/html/laravel-form/laravel-form/vendor/laravel/framework/src/Illuminate/Routing/Pipeline.php(53): Illuminate\\Pipeline\\Pipeline->Illuminate\\Pipeline\\{closure}(Object(Illuminate\\Http\\Request))
#47 /var/www/html/laravel-form/laravel-form/vendor/laravel/framework/src/Illuminate/Pipeline/Pipeline.php(104): Illuminate\\Routing\\Pipeline->Illuminate\\Routing\\{closure}(Object(Illuminate\\Http\\Request))
#48 /var/www/html/laravel-form/laravel-form/vendor/laravel/framework/src/Illuminate/Foundation/Http/Kernel.php(151): Illuminate\\Pipeline\\Pipeline->then(Object(Closure))
#49 /var/www/html/laravel-form/laravel-form/vendor/laravel/framework/src/Illuminate/Foundation/Http/Kernel.php(116): Illuminate\\Foundation\\Http\\Kernel->sendRequestThroughRouter(Object(Illuminate\\Http\\Request))
#50 /var/www/html/laravel-form/laravel-form/public/index.php(55): Illuminate\\Foundation\\Http\\Kernel->handle(Object(Illuminate\\Http\\Request))
#51 {main}
"} 
[2018-11-21 12:32:41] local.ERROR: Too few arguments to function App\Providers\FormServiceProvider::register(), 0 passed in /var/www/html/laravel-form/laravel-form/vendor/laravel/framework/src/Illuminate/Foundation/Application.php on line 572 and exactly 2 expected {"exception":"[object] (Symfony\\Component\\Debug\\Exception\\FatalThrowableError(code: 0): Too few arguments to function App\\Providers\\FormServiceProvider::register(), 0 passed in /var/www/html/laravel-form/laravel-form/vendor/laravel/framework/src/Illuminate/Foundation/Application.php on line 572 and exactly 2 expected at /var/www/html/laravel-form/laravel-form/app/Providers/FormServiceProvider.php:26)
[stacktrace]
#0 /var/www/html/laravel-form/laravel-form/vendor/laravel/framework/src/Illuminate/Foundation/Application.php(572): App\\Providers\\FormServiceProvider->register()
#1 /var/www/html/laravel-form/laravel-form/vendor/laravel/framework/src/Illuminate/Foundation/ProviderRepository.php(75): Illuminate\\Foundation\\Application->register(Object(App\\Providers\\FormServiceProvider))
#2 /var/www/html/laravel-form/laravel-form/vendor/laravel/framework/src/Illuminate/Foundation/Application.php(548): Illuminate\\Foundation\\ProviderRepository->load(Array)
#3 /var/www/html/laravel-form/laravel-form/vendor/laravel/framework/src/Illuminate/Foundation/Bootstrap/RegisterProviders.php(17): Illuminate\\Foundation\\Application->registerConfiguredProviders()
#4 /var/www/html/laravel-form/laravel-form/vendor/laravel/framework/src/Illuminate/Foundation/Application.php(206): Illuminate\\Foundation\\Bootstrap\\RegisterProviders->bootstrap(Object(Illuminate\\Foundation\\Application))
#5 /var/www/html/laravel-form/laravel-form/vendor/laravel/framework/src/Illuminate/Foundation/Http/Kernel.php(162): Illuminate\\Foundation\\Application->bootstrapWith(Array)
#6 /var/www/html/laravel-form/laravel-form/vendor/laravel/framework/src/Illuminate/Foundation/Http/Kernel.php(146): Illuminate\\Foundation\\Http\\Kernel->bootstrap()
#7 /var/www/html/laravel-form/laravel-form/vendor/laravel/framework/src/Illuminate/Foundation/Http/Kernel.php(116): Illuminate\\Foundation\\Http\\Kernel->sendRequestThroughRouter(Object(Illuminate\\Http\\Request))
#8 /var/www/html/laravel-form/laravel-form/public/index.php(55): Illuminate\\Foundation\\Http\\Kernel->handle(Object(Illuminate\\Http\\Request))
#9 {main}
"} 
[2018-11-21 12:33:11] local.ERROR: Undefined offset: 0 {"exception":"[object] (ErrorException(code: 0): Undefined offset: 0 at /var/www/html/laravel-form/laravel-form/vendor/laravel/framework/src/Illuminate/Foundation/helpers.php:505)
[stacktrace]
#0 /var/www/html/laravel-form/laravel-form/vendor/laravel/framework/src/Illuminate/Foundation/helpers.php(505): Illuminate\\Foundation\\Bootstrap\\HandleExceptions->handleError(8, 'Undefined offse...', '/var/www/html/l...', 505, Array)
#1 /var/www/html/laravel-form/laravel-form/app/Providers/FormServiceProvider.php(28): factory()
#2 /var/www/html/laravel-form/laravel-form/vendor/laravel/framework/src/Illuminate/Foundation/Application.php(572): App\\Providers\\FormServiceProvider->register()
#3 /var/www/html/laravel-form/laravel-form/vendor/laravel/framework/src/Illuminate/Foundation/ProviderRepository.php(75): Illuminate\\Foundation\\Application->register(Object(App\\Providers\\FormServiceProvider))
#4 /var/www/html/laravel-form/laravel-form/vendor/laravel/framework/src/Illuminate/Foundation/Application.php(548): Illuminate\\Foundation\\ProviderRepository->load(Array)
#5 /var/www/html/laravel-form/laravel-form/vendor/laravel/framework/src/Illuminate/Foundation/Bootstrap/RegisterProviders.php(17): Illuminate\\Foundation\\Application->registerConfiguredProviders()
#6 /var/www/html/laravel-form/laravel-form/vendor/laravel/framework/src/Illuminate/Foundation/Application.php(206): Illuminate\\Foundation\\Bootstrap\\RegisterProviders->bootstrap(Object(Illuminate\\Foundation\\Application))
#7 /var/www/html/laravel-form/laravel-form/vendor/laravel/framework/src/Illuminate/Foundation/Http/Kernel.php(162): Illuminate\\Foundation\\Application->bootstrapWith(Array)
#8 /var/www/html/laravel-form/laravel-form/vendor/laravel/framework/src/Illuminate/Foundation/Http/Kernel.php(146): Illuminate\\Foundation\\Http\\Kernel->bootstrap()
#9 /var/www/html/laravel-form/laravel-form/vendor/laravel/framework/src/Illuminate/Foundation/Http/Kernel.php(116): Illuminate\\Foundation\\Http\\Kernel->sendRequestThroughRouter(Object(Illuminate\\Http\\Request))
#10 /var/www/html/laravel-form/laravel-form/public/index.php(55): Illuminate\\Foundation\\Http\\Kernel->handle(Object(Illuminate\\Http\\Request))
#11 {main}
"} 
